/Users/jaimanmunshi/Desktop/VSCode-Workspace/FCC-QML/hadron/comprehensive_analysis.py:205: UserWarning: Glyph 8315 (\N{SUPERSCRIPT MINUS}) missing from font(s) Arial.
  plt.tight_layout()
/Users/jaimanmunshi/Desktop/VSCode-Workspace/FCC-QML/hadron/comprehensive_analysis.py:205: UserWarning: Glyph 8314 (\N{SUPERSCRIPT PLUS SIGN}) missing from font(s) Arial.
  plt.tight_layout()
/Users/jaimanmunshi/Desktop/VSCode-Workspace/FCC-QML/hadron/comprehensive_analysis.py:205: UserWarning: Glyph 8304 (\N{SUPERSCRIPT ZERO}) missing from font(s) Arial.
  plt.tight_layout()
/Users/jaimanmunshi/Desktop/VSCode-Workspace/FCC-QML/hadron/comprehensive_analysis.py:206: UserWarning: Glyph 8315 (\N{SUPERSCRIPT MINUS}) missing from font(s) Arial.
  fig.savefig(f'{plots_dir}/particle_type_analysis.png', dpi=300, bbox_inches='tight')
/Users/jaimanmunshi/Desktop/VSCode-Workspace/FCC-QML/hadron/comprehensive_analysis.py:206: UserWarning: Glyph 8314 (\N{SUPERSCRIPT PLUS SIGN}) missing from font(s) Arial.
  fig.savefig(f'{plots_dir}/particle_type_analysis.png', dpi=300, bbox_inches='tight')
/Users/jaimanmunshi/Desktop/VSCode-Workspace/FCC-QML/hadron/comprehensive_analysis.py:206: UserWarning: Glyph 8304 (\N{SUPERSCRIPT ZERO}) missing from font(s) Arial.
  fig.savefig(f'{plots_dir}/particle_type_analysis.png', dpi=300, bbox_inches='tight')

Loading particle data...
Loaded 70 particles from 10 events
======================================================================
COMPREHENSIVE PARTICLE PROPERTIES STATISTICS
======================================================================

Total particles: 70
Total events: 10

MOMENTUM STATISTICS:
  p_x Mean: 0.004 GeV/c
  p_y Mean: -0.021 GeV/c
  p_z Mean: 0.172 GeV/c
  |p| Mean: 0.999 GeV/c
  p_T Mean: 0.324 GeV/c

ENERGY STATISTICS:
  Mean: 1.095 GeV
  Std:  0.758 GeV
  Min:  0.147 GeV
  Max:  2.903 GeV

MASS STATISTICS:
  Mean: 0.330 GeV/c²
  Std:  0.322 GeV/c²
  Min:  0.140 GeV/c²
  Max:  0.940 GeV/c²

PARTICLE TYPE BREAKDOWN:
  π⁻: 26 (37.1%)
  π⁺: 24 (34.3%)
  n̄⁰: 5 (7.1%)
  p⁺: 4 (5.7%)
  K⁺: 3 (4.3%)
  K⁻: 3 (4.3%)
  n⁰: 3 (4.3%)
  p̄⁻: 2 (2.9%)

KEY CORRELATIONS:
  Energy-Mass: 0.500
  Energy-Momentum: 0.980
  Mass-Momentum: 0.335
  Energy-p_T: 0.331

==================================================
GENERATING ANALYSIS PLOTS
==================================================
✓ Saved momentum distributions to plots/momentum_components.png
✓ Saved energy/mass distributions to plots/energy_mass_distributions.png
✓ Saved correlation plots to plots/property_correlations.png
✓ Saved particle type analysis to plots/particle_type_analysis.png
✓ Saved 3D momentum visualization to plots/momentum_3d_visualization.png
✓ Saved correlation matrix to plots/correlation_matrix.png

==================================================
ANALYSIS COMPLETE!
==================================================
All plots saved to: plots/

Generated plot files:
  • momentum_components.png - Individual momentum component distributions
  • energy_mass_distributions.png - Energy, mass, p_T, and η distributions
  • property_correlations.png - Scatter plots showing relationships between properties
  • particle_type_analysis.png - Particle composition and property distributions by type
  • momentum_3d_visualization.png - 3D momentum space visualization
  • correlation_matrix.png - Correlation heatmap of all numerical properties

